alarm/proguard-project.txt
# To enable ProGuard in your project, edit project.properties
# to define the proguard.config property as described in that file.
#
# Add project specific ProGuard rules here.
# By default, the flags in this file are appended to flags specified
# in ${sdk.dir}/tools/proguard/proguard-android.txt
# You can edit the include path and order by changing the ProGuard
# include property in project.properties.
#
# For more details, see
#   http://developer.android.com/guide/developing/tools/proguard.html

# Add any project specific keep options here:

# If your project uses WebView with JS, uncomment the following
# and specify the fully qualified class name to the JavaScript interface
# class:
#-keepclassmembers class fqcn.of.javascript.interface.for.webview {
#   public *;
#}

-optimizationpasses 5
-dontusemixedcaseclassnames
-dontskipnonpubliclibraryclasses
-dontpreverify
-verbose
-optimizations !code/simplification/arithmetic,!field/*,!class/merging/*
-ignorewarnings

-keep public class * extends android.app.Activity
-keep public class * extends android.app.Application
-keep public class * extends android.app.Service
-keep public class * extends android.content.BroadcastReceiver
-keep public class * extends android.content.ContentProvider
-keep public class * extends android.app.backup.BackupAgentHelper
-keep public class * extends android.preference.Preference
-keep public class com.android.vending.licensing.ILicensingService

-keepattributes *Annotation*

-keepclasseswithmembernames class * {
     native <methods>;
}

-keepclasseswithmembers class * {
    public <init>(android.content.Context, android.util.AttributeSet);
}

-keepclasseswithmembers class * {
    public <init>(android.content.Context, android.util.AttributeSet, int);
}

-keepclassmembers class * extends android.app.Activity {
    public void *(android.view.View);
}

-keepclassmembers enum * {
    public static **[] values();
    public static ** valueOf(java.lang.String);
}

-keep class * implements android.os.Parcelable {
    public static final android.os.Parcelable$Creator *;
}

-libraryjars ../SunteamUtilsLib/libs/Msc.jar
-libraryjars ../SunteamUtilsLib/libs/SunteamUtils.jar

-dontwarn android.support.v4.**
-keep class android.support.v4.** {*; }

-dontwarn common.**
-keep class common.** {*; }

-dontwarn com.iflytek.**
-keep class com.iflytek.** {*; }
-keepattributes Signature

-dontwarn org.apache.poi.**
-keep class org.apache.poi.** {*; }
-dontwarn org.textmining.text.extraction.**
-keep class org.textmining.text.extraction.** {*; }

-dontwarn com.sunteam.common.menu.**
-keep class com.sunteam.common.menu.** {*; }

-dontwarn com.sunteam.common.tts.**
-keep class com.sunteam.common.tts.** {*; }

-dontwarn com.sunteam.common.utils.**
-keep class com.sunteam.common.utils.** {*; }

-dontwarn com.sunteam.dict.utils.**
-keep class com.sunteam.dict.utils.** {*; }

-keep class **.R$* {   
*;   
}