alarm/proguard/seeds.txt
com.sunteam.alarm.Alarm_CountDownSetActivity
com.sunteam.alarm.Alarm_CountDownSetActivity: Alarm_CountDownSetActivity()
com.sunteam.alarm.Alarm_MainActivity
com.sunteam.alarm.Alarm_MainActivity: Alarm_MainActivity()
com.sunteam.alarm.Alarm_MainActivity$BootCompletedReceiver
com.sunteam.alarm.Alarm_SetInfoActivity
com.sunteam.alarm.Alarm_SetInfoActivity: Alarm_SetInfoActivity()
com.sunteam.alarm.Alarm_SettingActivity
com.sunteam.alarm.Alarm_SettingActivity: Alarm_SettingActivity()
com.sunteam.alarm.Alarm_countdownActivity
com.sunteam.alarm.Alarm_countdownActivity: Alarm_countdownActivity()
com.sunteam.alarm.R$array
com.sunteam.alarm.R$array: int commoncmd_list
com.sunteam.alarm.R$array: int countdown_list
com.sunteam.alarm.R$array: int langtype_list
com.sunteam.alarm.R$array: int main_list
com.sunteam.alarm.R$array: R$array()
com.sunteam.alarm.R$attr
com.sunteam.alarm.R$attr: R$attr()
com.sunteam.alarm.R$color
com.sunteam.alarm.R$color: int bg_color
com.sunteam.alarm.R$color: int bg_popwindow
com.sunteam.alarm.R$color: int bg_white
com.sunteam.alarm.R$color: int black
com.sunteam.alarm.R$color: int blue
com.sunteam.alarm.R$color: int bottom_line
com.sunteam.alarm.R$color: int contents_text
com.sunteam.alarm.R$color: int encode_view
com.sunteam.alarm.R$color: int green
com.sunteam.alarm.R$color: int green_center
com.sunteam.alarm.R$color: int grgray
com.sunteam.alarm.R$color: int header
com.sunteam.alarm.R$color: int help_button_view
com.sunteam.alarm.R$color: int help_view
com.sunteam.alarm.R$color: int lightgreen
com.sunteam.alarm.R$color: int list_select
com.sunteam.alarm.R$color: int ltred
com.sunteam.alarm.R$color: int magenta
com.sunteam.alarm.R$color: int more_bg
com.sunteam.alarm.R$color: int notify_background
com.sunteam.alarm.R$color: int possible_result_points
com.sunteam.alarm.R$color: int red
com.sunteam.alarm.R$color: int result_image_border
com.sunteam.alarm.R$color: int result_minor_text
com.sunteam.alarm.R$color: int result_points
com.sunteam.alarm.R$color: int result_text
com.sunteam.alarm.R$color: int result_view
com.sunteam.alarm.R$color: int root_common
com.sunteam.alarm.R$color: int sbc_header_text
com.sunteam.alarm.R$color: int sbc_header_view
com.sunteam.alarm.R$color: int sbc_layout_view
com.sunteam.alarm.R$color: int sbc_list_item
com.sunteam.alarm.R$color: int sbc_page_number_text
com.sunteam.alarm.R$color: int sbc_snippet_text
com.sunteam.alarm.R$dimen
com.sunteam.alarm.R$dimen: int activity_horizontal_margin
com.sunteam.alarm.R$dimen: int activity_vertical_margin
com.sunteam.alarm.R$dimen: int dialog_bottom_padding
com.sunteam.alarm.R$dimen: int dialog_left_padding
com.sunteam.alarm.R$dimen: int dialog_right_padding
com.sunteam.alarm.R$dimen: int dialog_text_size
com.sunteam.alarm.R$dimen: int dialog_top_padding
com.sunteam.alarm.R$dimen: int item_text_size
com.sunteam.alarm.R$dimen: int text_big_size
com.sunteam.alarm.R$dimen: int text_big_size_px
com.sunteam.alarm.R$dimen: int text_middle_size
com.sunteam.alarm.R$dimen: int text_middle_size_px
com.sunteam.alarm.R$dimen: int text_small_size
com.sunteam.alarm.R$dimen: int text_small_size_px
com.sunteam.alarm.R$dimen: int text_super_size_px
com.sunteam.alarm.R$dimen: int textsize
com.sunteam.alarm.R$dimen: int title_text_size
com.sunteam.alarm.R$dimen: R$dimen()
com.sunteam.alarm.R$drawable
com.sunteam.alarm.R$drawable: int black
com.sunteam.alarm.R$drawable: int blue
com.sunteam.alarm.R$drawable: int green
com.sunteam.alarm.R$drawable: int ic_launcher
com.sunteam.alarm.R$drawable: int ltred
com.sunteam.alarm.R$drawable: int red
com.sunteam.alarm.R$drawable: int white
com.sunteam.alarm.R$drawable: int yellow
com.sunteam.alarm.R$drawable: R$drawable()
...
android.support.v4.app.ActionBarDrawerToggle$ActionBarDrawerToggleImpl
android.support.v4.app.ActionBarDrawerToggle$ActionBarDrawerToggleImpl: android.graphics.drawable.Drawable getThemeUpIndicator(android.app.Activity)
android.support.v4.app.ActionBarDrawerToggle$ActionBarDrawerToggleImpl: java.lang.Object setActionBarUpIndicator(java.lang.Object,android.app.Activity,android.graphics.drawable.Drawable,int)
android.support.v4.app.ActionBarDrawerToggle$ActionBarDrawerToggleImpl: java.lang.Object setActionBarDescription(java.lang.Object,android.app.Activity,int)
android.support.v4.app.ActionBarDrawerToggle$ActionBarDrawerToggleImplBase
android.support.v4.app.ActionBarDrawerToggle$ActionBarDrawerToggleImplBase: ActionBarDrawerToggle$ActionBarDrawerToggleImplBase()
android.support.v4.app.ActionBarDrawerToggle$ActionBarDrawerToggleImplBase: android.graphics.drawable.Drawable getThemeUpIndicator(android.app.Activity)
android.support.v4.app.ActionBarDrawerToggle$ActionBarDrawerToggleImplBase: java.lang.Object setActionBarUpIndicator(java.lang.Object,android.app.Activity,android.graphics.drawable.Drawable,int)
android.support.v4.app.ActionBarDrawerToggle$ActionBarDrawerToggleImplBase: java.lang.Object setActionBarDescription(java.lang.Object,android.app.Activity,int)
android.support.v4.app.ActionBarDrawerToggle$ActionBarDrawerToggleImplBase: ActionBarDrawerToggle$ActionBarDrawerToggleImplBase(android.support.v4.app.ActionBarDrawerToggle$1)
android.support.v4.app.ActionBarDrawerToggle$ActionBarDrawerToggleImplHC
android.support.v4.app.ActionBarDrawerToggle$ActionBarDrawerToggleImplHC: ActionBarDrawerToggle$ActionBarDrawerToggleImplHC()
android.support.v4.app.ActionBarDrawerToggle$ActionBarDrawerToggleImplHC: android.graphics.drawable.Drawable getThemeUpIndicator(android.app.Activity)
android.support.v4.app.ActionBarDrawerToggle$ActionBarDrawerToggleImplHC: java.lang.Object setActionBarUpIndicator(java.lang.Object,android.app.Activity,android.graphics.drawable.Drawable,int)
android.support.v4.app.ActionBarDrawerToggle$ActionBarDrawerToggleImplHC: java.lang.Object setActionBarDescription(java.lang.Object,android.app.Activity,int)
android.support.v4.app.ActionBarDrawerToggle$ActionBarDrawerToggleImplHC: ActionBarDrawerToggle$ActionBarDrawerToggleImplHC(android.support.v4.app.ActionBarDrawerToggle$1)
android.support.v4.app.ActionBarDrawerToggle$ActionBarDrawerToggleImplJellybeanMR2
android.support.v4.app.ActionBarDrawerToggle$ActionBarDrawerToggleImplJellybeanMR2: ActionBarDrawerToggle$ActionBarDrawerToggleImplJellybeanMR2()
android.support.v4.app.ActionBarDrawerToggle$ActionBarDrawerToggleImplJellybeanMR2: android.graphics.drawable.Drawable getThemeUpIndicator(android.app.Activity)
android.support.v4.app.ActionBarDrawerToggle$ActionBarDrawerToggleImplJellybeanMR2: java.lang.Object setActionBarUpIndicator(java.lang.Object,android.app.Activity,android.graphics.drawable.Drawable,int)
android.support.v4.app.ActionBarDrawerToggle$ActionBarDrawerToggleImplJellybeanMR2: java.lang.Object setActionBarDescription(java.lang.Object,android.app.Activity,int)
android.support.v4.app.ActionBarDrawerToggle$ActionBarDrawerToggleImplJellybeanMR2: ActionBarDrawerToggle$ActionBarDrawerToggleImplJellybeanMR2(android.support.v4.app.ActionBarDrawerToggle$1)
android.support.v4.app.ActionBarDrawerToggle$Delegate
android.support.v4.app.ActionBarDrawerToggle$Delegate: android.graphics.drawable.Drawable getThemeUpIndicator()
android.support.v4.app.ActionBarDrawerToggle$Delegate: void setActionBarUpIndicator(android.graphics.drawable.Drawable,int)
android.support.v4.app.ActionBarDrawerToggle$Delegate: void setActionBarDescription(int)
android.support.v4.app.ActionBarDrawerToggle$DelegateProvider
android.support.v4.app.ActionBarDrawerToggle$DelegateProvider: android.support.v4.app.ActionBarDrawerToggle$Delegate getDrawerToggleDelegate()