alarm/proguard/mapping.txt
com.sunteam.alarm.Alarm_CountDownSetActivity -> com.sunteam.alarm.Alarm_CountDownSetActivity:
    int gSelectID -> c
    int HOUR_FLAG -> d
    int MINUTE_FLAG -> e
    int gFlag -> f
    int gHour -> g
    int gMinute -> h
    int gCountdaownTime -> i
    android.widget.TextView tv1 -> j
    android.widget.TextView tv2 -> k
    android.widget.TextView tv3 -> l
    android.widget.TextView tv4 -> m
    android.widget.TextView mTvTitle -> a
    android.view.View mLine -> b
    void onCreate(android.os.Bundle) -> onCreate
    void Init() -> a
    boolean onKeyUp(int,android.view.KeyEvent) -> onKeyUp
    void showInfo() -> b
    int access$0(com.sunteam.alarm.Alarm_CountDownSetActivity) -> a
com.sunteam.alarm.Alarm_CountDownSetActivity$1 -> com.sunteam.alarm.a:
    com.sunteam.alarm.Alarm_CountDownSetActivity this$0 -> a
    void doConfirm() -> doConfirm
    void doCancel() -> doCancel
com.sunteam.alarm.Alarm_MainActivity -> com.sunteam.alarm.Alarm_MainActivity:
    int ALARM_ID -> a
    int ANNIVERSARY_ID -> b
    int COUNTDOWN_ID -> c
    int gInterfaceFlag -> d
    int MAIN_INTERFACE -> e
    int gHour -> f
    int gMin -> g
    java.lang.String gFileName -> h
    java.lang.String gFilePath -> i
    int gType -> j
    int gOnoff -> k
    int gMonth -> l
    int gDay -> m
    int gSQLData_ID -> n
    int gInfo_ID -> o
    void onCreate(android.os.Bundle) -> onCreate
    boolean onKeyUp(int,android.view.KeyEvent) -> onKeyUp
    void ShowAlarmInfo(int) -> c
    void ShowAnniveInfo(int) -> d
    java.util.ArrayList getAlarmData() -> a
    java.util.ArrayList getAnniversaryData() -> b
    void StartSetting(int) -> a
    void StartSettingList(int) -> b
    void onActivityResult(int,int,android.content.Intent) -> onActivityResult
    void UpdateAnniversaryData(com.sunteam.dao.Alarminfo) -> a
    void UpdateAlarmData(com.sunteam.dao.Alarminfo) -> b
com.sunteam.alarm.Alarm_MainActivity$BootCompletedReceiver -> com.sunteam.alarm.Alarm_MainActivity$BootCompletedReceiver:
    void onReceive(android.content.Context,android.content.Intent) -> onReceive
com.sunteam.alarm.Alarm_SetInfoActivity -> com.sunteam.alarm.Alarm_SetInfoActivity:
    int gSelectID -> a
    int gSetID -> b
    int gInterfaceFlag -> c
    java.lang.String gfileName -> d
    int gType -> e
    int gOnoff -> f
    java.util.ArrayList mTemp -> g
    void onCreate(android.os.Bundle) -> onCreate
    boolean onKeyDown(int,android.view.KeyEvent) -> onKeyDown
    boolean onKeyUp(int,android.view.KeyEvent) -> onKeyUp
    java.util.ArrayList getPathAudioList() -> a
    java.lang.String getExtensionName(java.lang.String) -> a
    int access$0(com.sunteam.alarm.Alarm_SetInfoActivity) -> a
    int access$1(com.sunteam.alarm.Alarm_SetInfoActivity) -> b
    java.util.ArrayList access$2(com.sunteam.alarm.Alarm_SetInfoActivity) -> c
com.sunteam.alarm.Alarm_SetInfoActivity$1 -> com.sunteam.alarm.b:
    com.sunteam.alarm.Alarm_SetInfoActivity this$0 -> a
    void onComplete() -> onComplete
com.sunteam.alarm.Alarm_SetInfoActivity$2 -> com.sunteam.alarm.c:
    com.sunteam.alarm.Alarm_SetInfoActivity this$0 -> a
    void onComplete() -> onComplete
com.sunteam.alarm.Alarm_SetInfoActivity$3 -> com.sunteam.alarm.d:
    com.sunteam.alarm.Alarm_SetInfoActivity this$0 -> a
    void onComplete() -> onComplete
com.sunteam.alarm.Alarm_SetInfoActivity$4 -> com.sunteam.alarm.e:
    com.sunteam.alarm.Alarm_SetInfoActivity this$0 -> a
    boolean accept(java.io.File) -> accept
...
com.iflytek.thridparty.ab -> com.iflytek.thridparty.ab:
    android.content.Context a -> a
    java.lang.String b -> b
    void run() -> run
com.iflytek.thridparty.ac -> com.iflytek.thridparty.ac:
    android.content.Context a -> a
    java.lang.String b -> b
    void run() -> run
com.iflytek.thridparty.ad -> com.iflytek.thridparty.ad:
    android.content.Context a -> a
    java.lang.String b -> b
    void run() -> run
com.iflytek.thridparty.ae -> com.iflytek.thridparty.ae:
    int a -> a
    com.iflytek.thridparty.ah b -> b
    boolean c -> c
    java.lang.String d -> d
    int e -> e
    int f -> f
    int g -> g
    int h -> h
    int i -> i
    java.lang.String j -> j
    long k -> k
    byte[] l -> l
    java.io.File m -> m
    org.apache.http.client.methods.HttpRequestBase n -> n
    org.apache.http.client.HttpClient o -> o
    org.apache.http.HttpHost p -> p
    org.apache.http.auth.Credentials q -> q
    void a(java.lang.String,long,java.lang.String,int) -> a
    void a() -> a
    void b() -> b
    int c() -> c
    int d() -> d
    java.lang.String a(java.lang.String) -> a
    boolean e() -> e
    void run() -> run
com.iflytek.thridparty.af -> com.iflytek.thridparty.af:
    java.util.regex.Pattern a -> a
    java.util.Random b -> b
    long c -> c
    int d -> d
    com.iflytek.thridparty.ag e -> e
    boolean f -> f
    com.iflytek.thridparty.ae g -> g
    long h -> h
    long i -> i
    java.lang.String j -> j
    java.lang.String k -> k
    boolean l -> l
    java.lang.String m -> m
    java.lang.String n -> n
    java.io.FileOutputStream o -> o
    long p -> p
    long q -> q
    long r -> r
    android.content.Context s -> s
    void a(com.iflytek.thridparty.ag) -> a
    void a(java.lang.String,java.lang.String,java.lang.String,boolean,java.lang.String) -> a
    void a() -> a
    long b() -> b
    java.lang.String a(java.lang.String) -> a
    java.lang.String[] a(java.lang.String,java.lang.String,java.lang.String,java.lang.String,java.lang.String,java.lang.String) -> a
    java.lang.String a(java.lang.String,java.lang.String,java.lang.String) -> a
    java.lang.String a(java.lang.String,boolean) -> a
    java.lang.String a(java.lang.String,java.lang.String,int) -> a
    java.lang.String b(java.lang.String,java.lang.String,java.lang.String) -> b
    void e() -> e
    int a(long,java.lang.String,java.lang.String,java.lang.String,java.lang.String,java.lang.String) -> a
    int a(byte[],int) -> a
    void c() -> c
    void a(int) -> a
    void d() -> d
com.iflytek.thridparty.ag -> com.iflytek.thridparty.ag:
    void a(long,java.lang.String,java.lang.String,java.lang.String,com.iflytek.thridparty.af) -> a
    void a(long,int,com.iflytek.thridparty.af) -> a
    void a(java.lang.String,com.iflytek.thridparty.af) -> a
    void a(int,com.iflytek.thridparty.af) -> a
com.iflytek.thridparty.ah -> com.iflytek.thridparty.ah:
    int a(long,java.lang.String,java.lang.String,java.lang.String,java.lang.String,java.lang.String) -> a
    int a(byte[],int) -> a
    void c() -> c
    void a(int) -> a
    void d() -> d
com.iflytek.thridparty.ai -> com.iflytek.thridparty.ai:
    java.lang.String a -> a
    boolean b -> b
    void a(java.lang.String,java.lang.String) -> a
    void a(java.lang.String) -> a
    void b(java.lang.String) -> b
    void b(java.lang.String,java.lang.String) -> b
    void a(java.lang.Throwable) -> a
    void c(java.lang.String) -> c
    void c(java.lang.String,java.lang.String) -> c
    void b(java.lang.Throwable) -> b
    boolean b() -> b
    boolean c() -> c
    boolean d() -> d
    void a() -> a
com.iflytek.thridparty.aj -> com.iflytek.thridparty.aj:
    java.util.LinkedHashMap a -> a
    java.lang.String b -> b
    java.lang.String c -> c
    java.lang.String d -> d
    java.lang.String e -> e
    boolean f -> f
    void a(java.lang.String,java.lang.String) -> a