alarm/proguard/usage.txt
com.sunteam.alarm.Alarm_MainActivity$BootCompletedReceiver:
    final synthetic com.sunteam.alarm.Alarm_MainActivity this$0
    755:755:public Alarm_MainActivity$BootCompletedReceiver(com.sunteam.alarm.Alarm_MainActivity)
com.sunteam.alarm.BuildConfig
com.sunteam.alarm.R:
    10:10:public R()
com.sunteam.alarm.utils.Global:
    public static final java.lang.String TAG
    public static final int ALARM_INTERFACE
    public static final int ANNIVERSARY_INTERFACE
    public static final int COUNTDOWN_INTERFACE
    public static final int ALARM_INFO_INTERFACE
    public static final int ANNIVERSARY_INFO_INTERFACE
    public static final int COUNTDOWN_INFO_INTERFACE
    public static final int FLAG_CODE
    public static final int FLAG_CODE_SET_LIST
    public static final int ALARM_SET_TIME
    public static final int ALARM_SET_MUSIC
    public static final int ALARM_SET_TYPE
    public static final int ALARM_SET_ONOFF
    public static final int ANNIVERSARY_SET_TIME
    public static final int ANNIVERSARY_SET_MUSIC
    public static final int ANNIVERSARY_SET_DATE
    public static final int ANNIVERSARY_SET_ONOFF
    public static final int ALARM_TYPE_ALARM
    public static final int ALARM_TYPE_ANN
    public static final int ALARM_TYPE_REMIND
    public static final int COUNTDOWN_MAX_TIME
    5:5:public Global()
...
android.support.annotation.AnimRes
android.support.annotation.AnimatorRes
android.support.annotation.AnyRes
android.support.annotation.ArrayRes
android.support.annotation.AttrRes
android.support.annotation.BoolRes
android.support.annotation.ColorRes
android.support.annotation.DimenRes
android.support.annotation.DrawableRes
android.support.annotation.FractionRes
android.support.annotation.IdRes
android.support.annotation.IntDef
android.support.annotation.IntegerRes
android.support.annotation.InterpolatorRes
android.support.annotation.LayoutRes
android.support.annotation.MenuRes
android.support.annotation.NonNull
android.support.annotation.Nullable
android.support.annotation.PluralsRes
android.support.annotation.RawRes
android.support.annotation.StringDef
android.support.annotation.StringRes
android.support.annotation.StyleRes
android.support.annotation.StyleableRes
android.support.annotation.XmlRes
com.sunteam.alarmlib.R:
    9:9:public R()
com.sunteam.dao.Alarminfo:
    48:49:public void setid(int)
    58:59:public void setHour(int)
    68:69:public void setMinute(int)
    77:78:public void setYear(int)
    82:83:public void setMonth(int)
    93:94:public void setDay(int)
    108:109:public void setPath(java.lang.String)
    118:119:public void setFileName(java.lang.String)
    139:140:public void setType(int)
com.sunteam.dao.DBOpenHelper:
    private static final int VERSION
com.sunteam.dao.GetDbInfo:
    116:121:public void detele(java.lang.String)
    128:139:public void deteleForOne(int,java.lang.String)
    146:159:public int getCount(java.lang.String)
    223:235:public int getMinId(java.lang.String)
com.sunteam.player.MyPlayer:
    public static final int IDLE_STATE
    public static final int RECORDING_STATE
    public static final int PLAYING_STATE
    public static final int PLAYING_PAUSED_STATE
    public static final int NO_ERROR
    public static final int STORAGE_ACCESS_ERROR
    public static final int INTERNAL_ERROR
    public static final int IN_CALL_RECORD_ERROR
    98:103:public int progress()
    119:123:public int fileDuration()
    127:130:public int endTime()
    135:150:public void speed()
    153:163:public void rewind()
    167:172:public void pausePlayback()
com.sunteam.receiver.Alarmpublic:
    public static final java.lang.String TAG
    android.content.Context context
    public static final java.lang.String ALARM_TABLE
    public static final java.lang.String ANNIVERSARY_TABLE
    public static final java.lang.String REMIND_TABLE
    public static final java.lang.String CMD_TABLE
    public static final int MAX_NUM
    public static final java.lang.String ALARM_FILE_NAME
    public static final int DEF_HOUR
    public static final int DEF_MIN
    public static final int DEF_MONTH
    public static final int DEF_DAY
    public static final int ALARM_TYPE1
    public static final int ALARM_TYPE2
    public static final int ALARM_TYPE3
    public static final int DEF_TYPE
    public static final int ALARM_OFF
    public static final int ALARM_ON
    public static final int DEF_ONOFF
    public static final int ALARM_TYPE_ALARM
    public static final int ALARM_TYPE_ANN
    public static final int ALARM_TYPE_REMIND
    public static final int DAY_MAX_SEC
    19:19:public Alarmpublic()
com.sunteam.sunteamutilslib.R:
    9:9:public R()